# JRE version: OpenJDK Runtime Environment (8.0_212-b03) (build 1.8.0_212-8u212-b03-0ubuntu1.18.04.1-b03)
# Java VM: OpenJDK 64-Bit Server VM (25.212-b03 mixed mode linux-amd64 compressed oops)
Heap:
 def new generation   total 31424K, used 28548K [0x00000000e0000000, 0x00000000e2210000, 0x00000000eaaa0000)
  eden space 27968K, 100% used [0x00000000e0000000, 0x00000000e1b50000, 0x00000000e1b50000)
  from space 3456K,  16% used [0x00000000e1eb0000, 0x00000000e1f410a8, 0x00000000e2210000)
  to   space 3456K,   2% used [0x00000000e1b50000, 0x00000000e1b687b8, 0x00000000e1eb0000)
 tenured generation   total 68440K, used 61789K [0x00000000eaaa0000, 0x00000000eed76000, 0x0000000100000000)
   the space 68440K,  90% used [0x00000000eaaa0000, 0x00000000ee6f76a0, 0x00000000ee6f7800, 0x00000000eed76000)
 Metaspace       used 86449K, capacity 95698K, committed 96036K, reserved 1132544K
  class space    used 11096K, capacity 13737K, committed 13860K, reserved 1048576K
GC Heap History (10 events):
Event: 17.440 GC heap after
Heap after GC invocations=32 (full 3):
 def new generation   total 27200K, used 3007K [0x00000000e0000000, 0x00000000e1d80000, 0x00000000eaaa0000)
  eden space 24192K,   0% used [0x00000000e0000000, 0x00000000e0000000, 0x00000000e17a0000)
  from space 3008K,  99% used [0x00000000e1a90000, 0x00000000e1d7fff8, 0x00000000e1d80000)
  to   space 3008K,   0% used [0x00000000e17a0000, 0x00000000e17a0000, 0x00000000e1a90000)
 tenured generation   total 59348K, used 53908K [0x00000000eaaa0000, 0x00000000ee495000, 0x0000000100000000)
   the space 59348K,  90% used [0x00000000eaaa0000, 0x00000000edf453d0, 0x00000000edf45400, 0x00000000ee495000)
 Metaspace       used 74019K, capacity 82770K, committed 83108K, reserved 1120256K
  class space    used 9365K, capacity 11824K, committed 11940K, reserved 1048576K
}
Event: 18.962 GC heap before
{Heap before GC invocations=32 (full 3):
 def new generation   total 27200K, used 27171K [0x00000000e0000000, 0x00000000e1d80000, 0x00000000eaaa0000)
  eden space 24192K,  99% used [0x00000000e0000000, 0x00000000e1798eb0, 0x00000000e17a0000)
  from space 3008K,  99% used [0x00000000e1a90000, 0x00000000e1d7fff8, 0x00000000e1d80000)
  to   space 3008K,   0% used [0x00000000e17a0000, 0x00000000e17a0000, 0x00000000e1a90000)
 tenured generation   total 59348K, used 53908K [0x00000000eaaa0000, 0x00000000ee495000, 0x0000000100000000)
   the space 59348K,  90% used [0x00000000eaaa0000, 0x00000000edf453d0, 0x00000000edf45400, 0x00000000ee495000)
 Metaspace       used 80818K, capacity 89584K, committed 89764K, reserved 1126400K
  class space    used 10371K, capacity 12895K, committed 12964K, reserved 1048576K
Event: 19.227 GC heap after
Heap after GC invocations=33 (full 4):
 def new generation   total 31424K, used 0K [0x00000000e0000000, 0x00000000e2210000, 0x00000000eaaa0000)
  eden space 27968K,   0% used [0x00000000e0000000, 0x00000000e0000000, 0x00000000e1b50000)
  from space 3456K,   0% used [0x00000000e1b50000, 0x00000000e1b50000, 0x00000000e1eb0000)
  to   space 3456K,   0% used [0x00000000e1eb0000, 0x00000000e1eb0000, 0x00000000e2210000)
 tenured generation   total 68440K, used 41062K [0x00000000eaaa0000, 0x00000000eed76000, 0x0000000100000000)
   the space 68440K,  59% used [0x00000000eaaa0000, 0x00000000ed2b9a48, 0x00000000ed2b9c00, 0x00000000eed76000)
 Metaspace       used 80818K, capacity 89584K, committed 89764K, reserved 1126400K
  class space    used 10371K, capacity 12895K, committed 12964K, reserved 1048576K
}
Event: 20.478 GC heap before
{Heap before GC invocations=33 (full 4):
 def new generation   total 31424K, used 27968K [0x00000000e0000000, 0x00000000e2210000, 0x00000000eaaa0000)
  eden space 27968K, 100% used [0x00000000e0000000, 0x00000000e1b50000, 0x00000000e1b50000)
  from space 3456K,   0% used [0x00000000e1b50000, 0x00000000e1b50000, 0x00000000e1eb0000)
  to   space 3456K,   0% used [0x00000000e1eb0000, 0x00000000e1eb0000, 0x00000000e2210000)
 tenured generation   total 68440K, used 41062K [0x00000000eaaa0000, 0x00000000eed76000, 0x0000000100000000)
   the space 68440K,  59% used [0x00000000eaaa0000, 0x00000000ed2b9a48, 0x00000000ed2b9c00, 0x00000000eed76000)
 Metaspace       used 83599K, capacity 92634K, committed 92836K, reserved 1128448K
  class space    used 10761K, capacity 13349K, committed 13476K, reserved 1048576K
Event: 20.552 GC heap after
Heap after GC invocations=34 (full 4):
 def new generation   total 31424K, used 3456K [0x00000000e0000000, 0x00000000e2210000, 0x00000000eaaa0000)
  eden space 27968K,   0% used [0x00000000e0000000, 0x00000000e0000000, 0x00000000e1b50000)
  from space 3456K, 100% used [0x00000000e1eb0000, 0x00000000e2210000, 0x00000000e2210000)
  to   space 3456K,   0% used [0x00000000e1b50000, 0x00000000e1b50000, 0x00000000e1eb0000)
 tenured generation   total 68440K, used 42198K [0x00000000eaaa0000, 0x00000000eed76000, 0x0000000100000000)
   the space 68440K,  61% used [0x00000000eaaa0000, 0x00000000ed3d5aa8, 0x00000000ed3d5c00, 0x00000000eed76000)
 Metaspace       used 83599K, capacity 92634K, committed 92836K, reserved 1128448K
  class space    used 10761K, capacity 13349K, committed 13476K, reserved 1048576K
}
Event: 62.462 GC heap before
{Heap before GC invocations=34 (full 4):
 def new generation   total 31424K, used 30678K [0x00000000e0000000, 0x00000000e2210000, 0x00000000eaaa0000)
  eden space 27968K,  97% used [0x00000000e0000000, 0x00000000e1a95a88, 0x00000000e1b50000)
  from space 3456K, 100% used [0x00000000e1eb0000, 0x00000000e2210000, 0x00000000e2210000)
  to   space 3456K,   0% used [0x00000000e1b50000, 0x00000000e1b50000, 0x00000000e1eb0000)
 tenured generation   total 68440K, used 42198K [0x00000000eaaa0000, 0x00000000eed76000, 0x0000000100000000)
   the space 68440K,  61% used [0x00000000eaaa0000, 0x00000000ed3d5aa8, 0x00000000ed3d5c00, 0x00000000eed76000)
 Metaspace       used 86300K, capacity 95554K, committed 95652K, reserved 1130496K
  class space    used 11085K, capacity 13697K, committed 13732K, reserved 1048576K
Event: 63.257 GC heap after
Heap after GC invocations=35 (full 4):
 def new generation   total 31424K, used 3455K [0x00000000e0000000, 0x00000000e2210000, 0x00000000eaaa0000)
  eden space 27968K,   0% used [0x00000000e0000000, 0x00000000e0000000, 0x00000000e1b50000)
  from space 3456K,  99% used [0x00000000e1b50000, 0x00000000e1eafff8, 0x00000000e1eb0000)
  to   space 3456K,   0% used [0x00000000e1eb0000, 0x00000000e1eb0000, 0x00000000e2210000)
 tenured generation   total 68440K, used 44613K [0x00000000eaaa0000, 0x00000000eed76000, 0x0000000100000000)
   the space 68440K,  65% used [0x00000000eaaa0000, 0x00000000ed6316d0, 0x00000000ed631800, 0x00000000eed76000)
 Metaspace       used 86300K, capacity 95554K, committed 95652K, reserved 1130496K
  class space    used 11085K, capacity 13697K, committed 13732K, reserved 1048576K
}
Event: 106.199 GC heap before
{Heap before GC invocations=35 (full 4):
 def new generation   total 31424K, used 31423K [0x00000000e0000000, 0x00000000e2210000, 0x00000000eaaa0000)
  eden space 27968K, 100% used [0x00000000e0000000, 0x00000000e1b50000, 0x00000000e1b50000)
  from space 3456K,  99% used [0x00000000e1b50000, 0x00000000e1eafff8, 0x00000000e1eb0000)
  to   space 3456K,   0% used [0x00000000e1eb0000, 0x00000000e1eb0000, 0x00000000e2210000)
 tenured generation   total 68440K, used 44613K [0x00000000eaaa0000, 0x00000000eed76000, 0x0000000100000000)
   the space 68440K,  65% used [0x00000000eaaa0000, 0x00000000ed6316d0, 0x00000000ed631800, 0x00000000eed76000)
 Metaspace       used 86371K, capacity 95656K, committed 95908K, reserved 1132544K
  class space    used 11089K, capacity 13730K, committed 13732K, reserved 1048576K
Event: 106.440 GC heap after
Heap after GC invocations=36 (full 4):
 def new generation   total 31424K, used 580K [0x00000000e0000000, 0x00000000e2210000, 0x00000000eaaa0000)
  eden space 27968K,   0% used [0x00000000e0000000, 0x00000000e0000000, 0x00000000e1b50000)
  from space 3456K,  16% used [0x00000000e1eb0000, 0x00000000e1f410a8, 0x00000000e2210000)
  to   space 3456K,   0% used [0x00000000e1b50000, 0x00000000e1b50000, 0x00000000e1eb0000)
 tenured generation   total 68440K, used 61789K [0x00000000eaaa0000, 0x00000000eed76000, 0x0000000100000000)
   the space 68440K,  90% used [0x00000000eaaa0000, 0x00000000ee6f76a0, 0x00000000ee6f7800, 0x00000000eed76000)
 Metaspace       used 86371K, capacity 95656K, committed 95908K, reserved 1132544K
  class space    used 11089K, capacity 13730K, committed 13732K, reserved 1048576K
}
Event: 171.071 GC heap before
{Heap before GC invocations=36 (full 4):
 def new generation   total 31424K, used 28548K [0x00000000e0000000, 0x00000000e2210000, 0x00000000eaaa0000)
  eden space 27968K, 100% used [0x00000000e0000000, 0x00000000e1b50000, 0x00000000e1b50000)
  from space 3456K,  16% used [0x00000000e1eb0000, 0x00000000e1f410a8, 0x00000000e2210000)
  to   space 3456K,   0% used [0x00000000e1b50000, 0x00000000e1b50000, 0x00000000e1eb0000)
 tenured generation   total 68440K, used 61789K [0x00000000eaaa0000, 0x00000000eed76000, 0x0000000100000000)
   the space 68440K,  90% used [0x00000000eaaa0000, 0x00000000ee6f76a0, 0x00000000ee6f7800, 0x00000000eed76000)
 Metaspace       used 86449K, capacity 95698K, committed 96036K, reserved 1132544K
  class space    used 11096K, capacity 13737K, committed 13860K, reserved 1048576K

