# JRE version: OpenJDK Runtime Environment (8.0_212-b03) (build 1.8.0_212-8u212-b03-0ubuntu1.18.04.1-b03)
# Java VM: OpenJDK 64-Bit Server VM (25.212-b03 mixed mode linux-amd64 compressed oops)
Heap:
 def new generation   total 32256K, used 0K [0x00000000e0000000, 0x00000000e22f0000, 0x00000000eaaa0000)
  eden space 28736K,   0% used [0x00000000e0000000, 0x00000000e0000000, 0x00000000e1c10000)
  from space 3520K,   0% used [0x00000000e1f80000, 0x00000000e1f80000, 0x00000000e22f0000)
  to   space 3520K,   0% used [0x00000000e1c10000, 0x00000000e1c10000, 0x00000000e1f80000)
 tenured generation   total 86664K, used 72086K [0x00000000eaaa0000, 0x00000000eff42000, 0x0000000100000000)
   the space 86664K,  83% used [0x00000000eaaa0000, 0x00000000ef105830, 0x00000000ef105a00, 0x00000000eff42000)
 Metaspace       used 86917K, capacity 96236K, committed 96472K, reserved 1132544K
  class space    used 11066K, capacity 13663K, committed 13784K, reserved 1048576K
GC Heap History (10 events):
Event: 141.438 GC heap after
Heap after GC invocations=36 (full 4):
 def new generation   total 32256K, used 1947K [0x00000000e0000000, 0x00000000e22f0000, 0x00000000eaaa0000)
  eden space 28736K,   0% used [0x00000000e0000000, 0x00000000e0000000, 0x00000000e1c10000)
  from space 3520K,  55% used [0x00000000e1c10000, 0x00000000e1df6f68, 0x00000000e1f80000)
  to   space 3520K,   0% used [0x00000000e1f80000, 0x00000000e1f80000, 0x00000000e22f0000)
 tenured generation   total 70276K, used 44245K [0x00000000eaaa0000, 0x00000000eef41000, 0x0000000100000000)
   the space 70276K,  62% used [0x00000000eaaa0000, 0x00000000ed5d5790, 0x00000000ed5d5800, 0x00000000eef41000)
 Metaspace       used 86728K, capacity 96044K, committed 96216K, reserved 1132544K
  class space    used 11061K, capacity 13663K, committed 13784K, reserved 1048576K
}
Event: 158.516 GC heap before
{Heap before GC invocations=36 (full 4):
 def new generation   total 32256K, used 30683K [0x00000000e0000000, 0x00000000e22f0000, 0x00000000eaaa0000)
  eden space 28736K, 100% used [0x00000000e0000000, 0x00000000e1c10000, 0x00000000e1c10000)
  from space 3520K,  55% used [0x00000000e1c10000, 0x00000000e1df6f68, 0x00000000e1f80000)
  to   space 3520K,   0% used [0x00000000e1f80000, 0x00000000e1f80000, 0x00000000e22f0000)
 tenured generation   total 70276K, used 44245K [0x00000000eaaa0000, 0x00000000eef41000, 0x0000000100000000)
   the space 70276K,  62% used [0x00000000eaaa0000, 0x00000000ed5d5790, 0x00000000ed5d5800, 0x00000000eef41000)
 Metaspace       used 86787K, capacity 96108K, committed 96472K, reserved 1132544K
  class space    used 11065K, capacity 13663K, committed 13784K, reserved 1048576K
Event: 158.526 GC heap after
Heap after GC invocations=37 (full 4):
 def new generation   total 32256K, used 814K [0x00000000e0000000, 0x00000000e22f0000, 0x00000000eaaa0000)
  eden space 28736K,   0% used [0x00000000e0000000, 0x00000000e0000000, 0x00000000e1c10000)
  from space 3520K,  23% used [0x00000000e1f80000, 0x00000000e204bb70, 0x00000000e22f0000)
  to   space 3520K,   0% used [0x00000000e1c10000, 0x00000000e1c10000, 0x00000000e1f80000)
 tenured generation   total 70276K, used 60848K [0x00000000eaaa0000, 0x00000000eef41000, 0x0000000100000000)
   the space 70276K,  86% used [0x00000000eaaa0000, 0x00000000ee60c3d0, 0x00000000ee60c400, 0x00000000eef41000)
 Metaspace       used 86787K, capacity 96108K, committed 96472K, reserved 1132544K
  class space    used 11065K, capacity 13663K, committed 13784K, reserved 1048576K
}
Event: 199.736 GC heap before
{Heap before GC invocations=37 (full 4):
 def new generation   total 32256K, used 29550K [0x00000000e0000000, 0x00000000e22f0000, 0x00000000eaaa0000)
  eden space 28736K, 100% used [0x00000000e0000000, 0x00000000e1c10000, 0x00000000e1c10000)
  from space 3520K,  23% used [0x00000000e1f80000, 0x00000000e204bb70, 0x00000000e22f0000)
  to   space 3520K,   0% used [0x00000000e1c10000, 0x00000000e1c10000, 0x00000000e1f80000)
 tenured generation   total 70276K, used 60848K [0x00000000eaaa0000, 0x00000000eef41000, 0x0000000100000000)
   the space 70276K,  86% used [0x00000000eaaa0000, 0x00000000ee60c3d0, 0x00000000ee60c400, 0x00000000eef41000)
 Metaspace       used 86849K, capacity 96172K, committed 96472K, reserved 1132544K
  class space    used 11065K, capacity 13663K, committed 13784K, reserved 1048576K
Event: 199.750 GC heap after
Heap after GC invocations=38 (full 4):
 def new generation   total 32256K, used 1805K [0x00000000e0000000, 0x00000000e22f0000, 0x00000000eaaa0000)
  eden space 28736K,   0% used [0x00000000e0000000, 0x00000000e0000000, 0x00000000e1c10000)
  from space 3520K,  51% used [0x00000000e1c10000, 0x00000000e1dd3520, 0x00000000e1f80000)
  to   space 3520K,   0% used [0x00000000e1f80000, 0x00000000e1f80000, 0x00000000e22f0000)
 tenured generation   total 70276K, used 60848K [0x00000000eaaa0000, 0x00000000eef41000, 0x0000000100000000)
   the space 70276K,  86% used [0x00000000eaaa0000, 0x00000000ee60c3d0, 0x00000000ee60c400, 0x00000000eef41000)
 Metaspace       used 86849K, capacity 96172K, committed 96472K, reserved 1132544K
  class space    used 11065K, capacity 13663K, committed 13784K, reserved 1048576K
}
Event: 240.103 GC heap before
{Heap before GC invocations=38 (full 4):
 def new generation   total 32256K, used 30541K [0x00000000e0000000, 0x00000000e22f0000, 0x00000000eaaa0000)
  eden space 28736K, 100% used [0x00000000e0000000, 0x00000000e1c10000, 0x00000000e1c10000)
  from space 3520K,  51% used [0x00000000e1c10000, 0x00000000e1dd3520, 0x00000000e1f80000)
  to   space 3520K,   0% used [0x00000000e1f80000, 0x00000000e1f80000, 0x00000000e22f0000)
 tenured generation   total 70276K, used 60848K [0x00000000eaaa0000, 0x00000000eef41000, 0x0000000100000000)
   the space 70276K,  86% used [0x00000000eaaa0000, 0x00000000ee60c3d0, 0x00000000ee60c400, 0x00000000eef41000)
 Metaspace       used 86881K, capacity 96172K, committed 96472K, reserved 1132544K
  class space    used 11065K, capacity 13663K, committed 13784K, reserved 1048576K
Event: 240.111 GC heap after
Heap after GC invocations=39 (full 4):
 def new generation   total 32256K, used 1781K [0x00000000e0000000, 0x00000000e22f0000, 0x00000000eaaa0000)
  eden space 28736K,   0% used [0x00000000e0000000, 0x00000000e0000000, 0x00000000e1c10000)
  from space 3520K,  50% used [0x00000000e1f80000, 0x00000000e213d488, 0x00000000e22f0000)
  to   space 3520K,   0% used [0x00000000e1c10000, 0x00000000e1c10000, 0x00000000e1f80000)
 tenured generation   total 70276K, used 60907K [0x00000000eaaa0000, 0x00000000eef41000, 0x0000000100000000)
   the space 70276K,  86% used [0x00000000eaaa0000, 0x00000000ee61aee0, 0x00000000ee61b000, 0x00000000eef41000)
 Metaspace       used 86881K, capacity 96172K, committed 96472K, reserved 1132544K
  class space    used 11065K, capacity 13663K, committed 13784K, reserved 1048576K
}
Event: 282.545 GC heap before
{Heap before GC invocations=39 (full 4):
 def new generation   total 32256K, used 30517K [0x00000000e0000000, 0x00000000e22f0000, 0x00000000eaaa0000)
  eden space 28736K, 100% used [0x00000000e0000000, 0x00000000e1c10000, 0x00000000e1c10000)
  from space 3520K,  50% used [0x00000000e1f80000, 0x00000000e213d488, 0x00000000e22f0000)
  to   space 3520K,   0% used [0x00000000e1c10000, 0x00000000e1c10000, 0x00000000e1f80000)
 tenured generation   total 70276K, used 60907K [0x00000000eaaa0000, 0x00000000eef41000, 0x0000000100000000)
   the space 70276K,  86% used [0x00000000eaaa0000, 0x00000000ee61aee0, 0x00000000ee61b000, 0x00000000eef41000)
 Metaspace       used 86911K, capacity 96172K, committed 96472K, reserved 1132544K
  class space    used 11066K, capacity 13663K, committed 13784K, reserved 1048576K
Event: 282.558 GC heap after
Heap after GC invocations=40 (full 4):
 def new generation   total 32256K, used 1773K [0x00000000e0000000, 0x00000000e22f0000, 0x00000000eaaa0000)
  eden space 28736K,   0% used [0x00000000e0000000, 0x00000000e0000000, 0x00000000e1c10000)
  from space 3520K,  50% used [0x00000000e1c10000, 0x00000000e1dcb580, 0x00000000e1f80000)
  to   space 3520K,   0% used [0x00000000e1f80000, 0x00000000e1f80000, 0x00000000e22f0000)
 tenured generation   total 70276K, used 60934K [0x00000000eaaa0000, 0x00000000eef41000, 0x0000000100000000)
   the space 70276K,  86% used [0x00000000eaaa0000, 0x00000000ee621800, 0x00000000ee621800, 0x00000000eef41000)
 Metaspace       used 86911K, capacity 96172K, committed 96472K, reserved 1132544K
  class space    used 11066K, capacity 13663K, committed 13784K, reserved 1048576K
}
Event: 300.197 GC heap before
{Heap before GC invocations=40 (full 4):
 def new generation   total 32256K, used 30509K [0x00000000e0000000, 0x00000000e22f0000, 0x00000000eaaa0000)
  eden space 28736K, 100% used [0x00000000e0000000, 0x00000000e1c10000, 0x00000000e1c10000)
  from space 3520K,  50% used [0x00000000e1c10000, 0x00000000e1dcb580, 0x00000000e1f80000)
  to   space 3520K,   0% used [0x00000000e1f80000, 0x00000000e1f80000, 0x00000000e22f0000)
 tenured generation   total 70276K, used 60934K [0x00000000eaaa0000, 0x00000000eef41000, 0x0000000100000000)
   the space 70276K,  86% used [0x00000000eaaa0000, 0x00000000ee621800, 0x00000000ee621800, 0x00000000eef41000)
 Metaspace       used 86917K, capacity 96236K, committed 96472K, reserved 1132544K
  class space    used 11066K, capacity 13663K, committed 13784K, reserved 1048576K

